2013-03-13 16:54:13 [SERVER] [INFO] Starting integrated minecraft server version 1.5
2013-03-13 16:54:13 [SERVER] [INFO] Generating keypair
2013-03-13 16:54:14 [SERVER] [INFO] Preparing start region for level 0
2013-03-13 16:54:15 [SERVER] [INFO] Preparing spawn area: 99%
2013-03-13 16:54:15 [SERVER] [INFO] zezhyrule[/127.0.0.1:0] logged in with entity id 209 at (216.69999998807907, 69.0, 257.28664643145146)
2013-03-13 16:55:29 [SERVER] [INFO] Saving and pausing game...
2013-03-13 16:55:29 [SERVER] [INFO] Saving chunks for level 'Arch'/Overworld
2013-03-13 16:55:29 [SERVER] [INFO] Saving chunks for level 'Arch'/Nether
2013-03-13 16:55:29 [SERVER] [INFO] Saving chunks for level 'Arch'/The End
2013-03-13 16:56:09 [SERVER] [INFO] Saving and pausing game...
2013-03-13 16:56:09 [SERVER] [INFO] Saving chunks for level 'Arch'/Overworld
2013-03-13 16:56:09 [SERVER] [INFO] Saving chunks for level 'Arch'/Nether
2013-03-13 16:56:09 [SERVER] [INFO] Saving chunks for level 'Arch'/The End
2013-03-13 17:05:14 [SERVER] [INFO] Saving and pausing game...
2013-03-13 17:05:14 [SERVER] [INFO] Saving chunks for level 'Arch'/Overworld
2013-03-13 17:05:14 [SERVER] [INFO] Saving chunks for level 'Arch'/Nether
2013-03-13 17:05:14 [SERVER] [INFO] Saving chunks for level 'Arch'/The End
2013-03-13 17:08:20 [SERVER] [INFO] Saving and pausing game...
2013-03-13 17:08:20 [SERVER] [INFO] Saving chunks for level 'Arch'/Overworld
2013-03-13 17:08:20 [SERVER] [INFO] Saving chunks for level 'Arch'/Nether
2013-03-13 17:08:20 [SERVER] [INFO] Saving chunks for level 'Arch'/The End
2013-03-13 17:11:01 [SERVER] [INFO] Saving and pausing game...
2013-03-13 17:11:01 [SERVER] [INFO] Saving chunks for level 'Arch'/Overworld
2013-03-13 17:11:01 [SERVER] [INFO] Saving chunks for level 'Arch'/Nether
2013-03-13 17:11:01 [SERVER] [INFO] Saving chunks for level 'Arch'/The End
2013-03-13 17:11:53 [SERVER] [INFO] Saving and pausing game...
2013-03-13 17:11:53 [SERVER] [INFO] Saving chunks for level 'Arch'/Overworld
2013-03-13 17:11:53 [SERVER] [INFO] Saving chunks for level 'Arch'/Nether
2013-03-13 17:11:53 [SERVER] [INFO] Saving chunks for level 'Arch'/The End
2013-03-13 17:21:30 [SERVER] [INFO] Saving and pausing game...
2013-03-13 17:21:30 [SERVER] [INFO] Saving chunks for level 'Arch'/Overworld
2013-03-13 17:21:30 [SERVER] [INFO] Saving chunks for level 'Arch'/Nether
2013-03-13 17:21:30 [SERVER] [INFO] Saving chunks for level 'Arch'/The End
2013-03-13 17:25:14 [SERVER] [INFO] Saving and pausing game...
2013-03-13 17:25:14 [SERVER] [INFO] Saving chunks for level 'Arch'/Overworld
2013-03-13 17:25:14 [SERVER] [INFO] Saving chunks for level 'Arch'/Nether
2013-03-13 17:25:14 [SERVER] [INFO] Saving chunks for level 'Arch'/The End
2013-03-13 17:25:17 [SERVER] [INFO] Saving and pausing game...
2013-03-13 17:25:17 [SERVER] [INFO] Saving chunks for level 'Arch'/Overworld
2013-03-13 17:25:17 [SERVER] [INFO] Saving chunks for level 'Arch'/Nether
2013-03-13 17:25:17 [SERVER] [INFO] Saving chunks for level 'Arch'/The End
2013-03-13 17:26:58 [SERVER] [INFO] Saving and pausing game...
2013-03-13 17:26:58 [SERVER] [INFO] Saving chunks for level 'Arch'/Overworld
2013-03-13 17:26:58 [SERVER] [INFO] Saving chunks for level 'Arch'/Nether
2013-03-13 17:26:58 [SERVER] [INFO] Saving chunks for level 'Arch'/The End
2013-03-13 17:27:57 [SERVER] [INFO] Saving and pausing game...
2013-03-13 17:27:57 [SERVER] [INFO] Saving chunks for level 'Arch'/Overworld
2013-03-13 17:27:57 [SERVER] [INFO] Saving chunks for level 'Arch'/Nether
2013-03-13 17:27:57 [SERVER] [INFO] Saving chunks for level 'Arch'/The End
2013-03-13 17:33:13 [SERVER] [INFO] Saving and pausing game...
2013-03-13 17:33:13 [SERVER] [INFO] Saving chunks for level 'Arch'/Overworld
2013-03-13 17:33:13 [SERVER] [INFO] Saving chunks for level 'Arch'/Nether
2013-03-13 17:33:13 [SERVER] [INFO] Saving chunks for level 'Arch'/The End
2013-03-13 17:34:19 [SERVER] [INFO] Saving and pausing game...
2013-03-13 17:34:19 [SERVER] [INFO] Saving chunks for level 'Arch'/Overworld
2013-03-13 17:34:19 [SERVER] [INFO] Saving chunks for level 'Arch'/Nether
2013-03-13 17:34:19 [SERVER] [INFO] Saving chunks for level 'Arch'/The End
2013-03-13 17:34:47 [SERVER] [INFO] Saving and pausing game...
2013-03-13 17:34:47 [SERVER] [INFO] Saving chunks for level 'Arch'/Overworld
2013-03-13 17:34:47 [SERVER] [INFO] Saving chunks for level 'Arch'/Nether
2013-03-13 17:34:47 [SERVER] [INFO] Saving chunks for level 'Arch'/The End
2013-03-13 17:35:53 [SERVER] [INFO] Saving and pausing game...
2013-03-13 17:35:53 [SERVER] [INFO] Saving chunks for level 'Arch'/Overworld
2013-03-13 17:35:53 [SERVER] [INFO] Saving chunks for level 'Arch'/Nether
2013-03-13 17:35:53 [SERVER] [INFO] Saving chunks for level 'Arch'/The End
2013-03-13 17:37:59 [SERVER] [INFO] Saving and pausing game...
2013-03-13 17:37:59 [SERVER] [INFO] Saving chunks for level 'Arch'/Overworld
2013-03-13 17:37:59 [SERVER] [INFO] Saving chunks for level 'Arch'/Nether
2013-03-13 17:37:59 [SERVER] [INFO] Saving chunks for level 'Arch'/The End
2013-03-13 17:41:01 [SERVER] [INFO] Saving and pausing game...
2013-03-13 17:41:01 [SERVER] [INFO] Saving chunks for level 'Arch'/Overworld
2013-03-13 17:41:01 [SERVER] [INFO] Saving chunks for level 'Arch'/Nether
2013-03-13 17:41:01 [SERVER] [INFO] Saving chunks for level 'Arch'/The End
2013-03-13 17:41:49 [SERVER] [INFO] Saving and pausing game...
2013-03-13 17:41:49 [SERVER] [INFO] Saving chunks for level 'Arch'/Overworld
2013-03-13 17:41:49 [SERVER] [INFO] Saving chunks for level 'Arch'/Nether
2013-03-13 17:41:49 [SERVER] [INFO] Saving chunks for level 'Arch'/The End
2013-03-13 17:45:35 [SERVER] [INFO] Stopping server
2013-03-13 17:45:35 [SERVER] [INFO] Saving players
2013-03-13 17:45:35 [SERVER] [INFO] Saving worlds
2013-03-13 17:45:35 [SERVER] [INFO] Saving chunks for level 'Arch'/Overworld
2013-03-13 17:45:35 [SERVER] [INFO] Saving chunks for level 'Arch'/Nether
2013-03-13 17:45:35 [SERVER] [INFO] Saving chunks for level 'Arch'/The End
2013-03-14 19:45:50 [SERVER] [INFO] Starting integrated minecraft server version 1.5
2013-03-14 19:45:51 [SERVER] [INFO] Generating keypair
2013-03-14 19:45:51 [SERVER] [INFO] Preparing start region for level 0
2013-03-14 19:45:52 [SERVER] [INFO] Preparing spawn area: 96%
2013-03-14 19:45:52 [SERVER] [INFO] zezhyrule[/127.0.0.1:0] logged in with entity id 127 at (-12.394721818651304, 63.0, 381.41552314353305)
2013-03-14 19:45:53 [SERVER] [INFO] Saving and pausing game...
2013-03-14 19:45:53 [SERVER] [INFO] Saving chunks for level 'Arch'/Overworld
2013-03-14 19:45:53 [SERVER] [INFO] Saving chunks for level 'Arch'/Nether
2013-03-14 19:45:53 [SERVER] [INFO] Saving chunks for level 'Arch'/The End
2013-03-14 19:46:20 [SERVER] [INFO] Saving and pausing game...
2013-03-14 19:46:20 [SERVER] [INFO] Saving chunks for level 'Arch'/Overworld
2013-03-14 19:46:20 [SERVER] [INFO] Saving chunks for level 'Arch'/Nether
2013-03-14 19:46:20 [SERVER] [INFO] Saving chunks for level 'Arch'/The End
2013-03-14 19:46:36 [SERVER] [INFO] Saving and pausing game...
2013-03-14 19:46:36 [SERVER] [INFO] Saving chunks for level 'Arch'/Overworld
2013-03-14 19:46:36 [SERVER] [INFO] Saving chunks for level 'Arch'/Nether
2013-03-14 19:46:36 [SERVER] [INFO] Saving chunks for level 'Arch'/The End
2013-03-14 19:47:31 [SERVER] [INFO] Saving and pausing game...
2013-03-14 19:47:31 [SERVER] [INFO] Saving chunks for level 'Arch'/Overworld
2013-03-14 19:47:31 [SERVER] [INFO] Saving chunks for level 'Arch'/Nether
2013-03-14 19:47:31 [SERVER] [INFO] Saving chunks for level 'Arch'/The End
2013-03-14 19:48:24 [SERVER] [INFO] Saving and pausing game...
2013-03-14 19:48:24 [SERVER] [INFO] Saving chunks for level 'Arch'/Overworld
2013-03-14 19:48:24 [SERVER] [INFO] Saving chunks for level 'Arch'/Nether
2013-03-14 19:48:24 [SERVER] [INFO] Saving chunks for level 'Arch'/The End
2013-03-14 19:50:05 [SERVER] [INFO] Saving and pausing game...
2013-03-14 19:50:05 [SERVER] [INFO] Saving chunks for level 'Arch'/Overworld
2013-03-14 19:50:05 [SERVER] [INFO] Saving chunks for level 'Arch'/Nether
2013-03-14 19:50:05 [SERVER] [INFO] Saving chunks for level 'Arch'/The End
2013-03-14 19:50:07 [SERVER] [INFO] Stopping server
2013-03-14 19:50:07 [SERVER] [INFO] Saving players
2013-03-14 19:50:07 [SERVER] [INFO] Saving worlds
2013-03-14 19:50:07 [SERVER] [INFO] Saving chunks for level 'Arch'/Overworld
2013-03-14 19:50:07 [SERVER] [INFO] Saving chunks for level 'Arch'/Nether
2013-03-14 19:50:07 [SERVER] [INFO] Saving chunks for level 'Arch'/The End
2013-03-14 19:52:02 [SERVER] [INFO] Starting integrated minecraft server version 1.5
2013-03-14 19:52:02 [SERVER] [INFO] Generating keypair
2013-03-14 19:52:02 [SERVER] [INFO] Preparing start region for level 0
2013-03-14 19:52:03 [SERVER] [INFO] zezhyrule[/127.0.0.1:0] logged in with entity id 123 at (-13.637818824065345, 63.0, 383.19993050470737)
2013-03-14 19:52:04 [SERVER] [INFO] Saving and pausing game...
2013-03-14 19:52:04 [SERVER] [INFO] Saving chunks for level 'Arch'/Overworld
2013-03-14 19:52:04 [SERVER] [INFO] Saving chunks for level 'Arch'/Nether
2013-03-14 19:52:04 [SERVER] [INFO] Saving chunks for level 'Arch'/The End
2013-03-14 19:53:18 [SERVER] [INFO] Saving and pausing game...
2013-03-14 19:53:18 [SERVER] [INFO] Saving chunks for level 'Arch'/Overworld
2013-03-14 19:53:18 [SERVER] [INFO] Saving chunks for level 'Arch'/Nether
2013-03-14 19:53:18 [SERVER] [INFO] Saving chunks for level 'Arch'/The End
2013-03-14 20:13:46 [SERVER] [INFO] Saving and pausing game...
2013-03-14 20:13:46 [SERVER] [INFO] Saving chunks for level 'Arch'/Overworld
2013-03-14 20:13:46 [SERVER] [INFO] Saving chunks for level 'Arch'/Nether
2013-03-14 20:13:46 [SERVER] [INFO] Saving chunks for level 'Arch'/The End
2013-03-14 20:17:10 [SERVER] [INFO] Saving and pausing game...
2013-03-14 20:17:10 [SERVER] [INFO] Saving chunks for level 'Arch'/Overworld
2013-03-14 20:17:10 [SERVER] [INFO] Saving chunks for level 'Arch'/Nether
2013-03-14 20:17:10 [SERVER] [INFO] Saving chunks for level 'Arch'/The End
2013-03-14 20:17:40 [SERVER] [INFO] Saving and pausing game...
2013-03-14 20:17:40 [SERVER] [INFO] Saving chunks for level 'Arch'/Overworld
2013-03-14 20:17:40 [SERVER] [INFO] Saving chunks for level 'Arch'/Nether
2013-03-14 20:17:40 [SERVER] [INFO] Saving chunks for level 'Arch'/The End
2013-03-14 20:17:47 [SERVER] [INFO] Saving and pausing game...
2013-03-14 20:17:47 [SERVER] [INFO] Saving chunks for level 'Arch'/Overworld
2013-03-14 20:17:47 [SERVER] [INFO] Saving chunks for level 'Arch'/Nether
2013-03-14 20:17:47 [SERVER] [INFO] Saving chunks for level 'Arch'/The End
2013-03-14 20:20:45 [SERVER] [INFO] Saving and pausing game...
2013-03-14 20:20:45 [SERVER] [INFO] Saving chunks for level 'Arch'/Overworld
2013-03-14 20:20:45 [SERVER] [INFO] Saving chunks for level 'Arch'/Nether
2013-03-14 20:20:45 [SERVER] [INFO] Saving chunks for level 'Arch'/The End
2013-03-14 20:21:02 [SERVER] [INFO] Saving and pausing game...
2013-03-14 20:21:02 [SERVER] [INFO] Saving chunks for level 'Arch'/Overworld
2013-03-14 20:21:02 [SERVER] [INFO] Saving chunks for level 'Arch'/Nether
2013-03-14 20:21:02 [SERVER] [INFO] Saving chunks for level 'Arch'/The End
2013-03-14 20:21:18 [SERVER] [INFO] Saving and pausing game...
2013-03-14 20:21:18 [SERVER] [INFO] Saving chunks for level 'Arch'/Overworld
2013-03-14 20:21:18 [SERVER] [INFO] Saving chunks for level 'Arch'/Nether
2013-03-14 20:21:18 [SERVER] [INFO] Saving chunks for level 'Arch'/The End
2013-03-14 20:22:20 [SERVER] [INFO] Saving and pausing game...
2013-03-14 20:22:20 [SERVER] [INFO] Saving chunks for level 'Arch'/Overworld
2013-03-14 20:22:20 [SERVER] [INFO] Saving chunks for level 'Arch'/Nether
2013-03-14 20:22:20 [SERVER] [INFO] Saving chunks for level 'Arch'/The End
2013-03-14 20:24:12 [SERVER] [INFO] Saving and pausing game...
2013-03-14 20:24:12 [SERVER] [INFO] Saving chunks for level 'Arch'/Overworld
2013-03-14 20:24:12 [SERVER] [INFO] Saving chunks for level 'Arch'/Nether
2013-03-14 20:24:12 [SERVER] [INFO] Saving chunks for level 'Arch'/The End
2013-03-14 20:24:53 [SERVER] [INFO] Saving and pausing game...
2013-03-14 20:24:53 [SERVER] [INFO] Saving chunks for level 'Arch'/Overworld
2013-03-14 20:24:53 [SERVER] [INFO] Saving chunks for level 'Arch'/Nether
2013-03-14 20:24:53 [SERVER] [INFO] Saving chunks for level 'Arch'/The End
2013-03-14 20:25:40 [SERVER] [INFO] Saving and pausing game...
2013-03-14 20:25:40 [SERVER] [INFO] Saving chunks for level 'Arch'/Overworld
2013-03-14 20:25:40 [SERVER] [INFO] Saving chunks for level 'Arch'/Nether
2013-03-14 20:25:40 [SERVER] [INFO] Saving chunks for level 'Arch'/The End
2013-03-14 20:26:28 [SERVER] [INFO] Saving and pausing game...
2013-03-14 20:26:28 [SERVER] [INFO] Saving chunks for level 'Arch'/Overworld
2013-03-14 20:26:28 [SERVER] [INFO] Saving chunks for level 'Arch'/Nether
2013-03-14 20:26:28 [SERVER] [INFO] Saving chunks for level 'Arch'/The End
2013-03-14 20:28:51 [SERVER] [INFO] Saving and pausing game...
2013-03-14 20:28:51 [SERVER] [INFO] Saving chunks for level 'Arch'/Overworld
2013-03-14 20:28:51 [SERVER] [INFO] Saving chunks for level 'Arch'/Nether
2013-03-14 20:28:51 [SERVER] [INFO] Saving chunks for level 'Arch'/The End
2013-03-14 20:32:30 [SERVER] [INFO] zezhyrule drowned
2013-03-14 20:32:48 [SERVER] [INFO] Saving and pausing game...
2013-03-14 20:32:48 [SERVER] [INFO] Saving chunks for level 'Arch'/Overworld
2013-03-14 20:32:48 [SERVER] [INFO] Saving chunks for level 'Arch'/Nether
2013-03-14 20:32:48 [SERVER] [INFO] Saving chunks for level 'Arch'/The End
2013-03-14 20:32:52 [SERVER] [INFO] Saving and pausing game...
2013-03-14 20:32:52 [SERVER] [INFO] Saving chunks for level 'Arch'/Overworld
2013-03-14 20:32:52 [SERVER] [INFO] Saving chunks for level 'Arch'/Nether
2013-03-14 20:32:52 [SERVER] [INFO] Saving chunks for level 'Arch'/The End
2013-03-14 20:32:53 [SERVER] [INFO] Stopping server
2013-03-14 20:32:53 [SERVER] [INFO] Saving players
2013-03-14 20:32:53 [SERVER] [INFO] Saving worlds
2013-03-14 20:32:53 [SERVER] [INFO] Saving chunks for level 'Arch'/Overworld
2013-03-14 20:32:53 [SERVER] [INFO] Saving chunks for level 'Arch'/Nether
2013-03-14 20:32:53 [SERVER] [INFO] Saving chunks for level 'Arch'/The End
2013-03-14 20:43:11 [SERVER] [INFO] Starting integrated minecraft server version 1.5
2013-03-14 20:43:11 [SERVER] [INFO] Generating keypair
2013-03-14 20:43:12 [SERVER] [INFO] Preparing start region for level 0
2013-03-14 20:43:13 [SERVER] [INFO] Preparing spawn area: 85%
2013-03-14 20:43:13 [SERVER] [INFO] zezhyrule[/127.0.0.1:0] logged in with entity id 251 at (213.454671241625, 69.0, 256.6748929035744)
2013-03-14 20:43:30 [SERVER] [INFO] Saving and pausing game...
2013-03-14 20:43:30 [SERVER] [INFO] Saving chunks for level 'Arch'/Overworld
2013-03-14 20:43:30 [SERVER] [INFO] Saving chunks for level 'Arch'/Nether
2013-03-14 20:43:30 [SERVER] [INFO] Saving chunks for level 'Arch'/The End
2013-03-14 20:44:42 [SERVER] [INFO] Saving and pausing game...
2013-03-14 20:44:42 [SERVER] [INFO] Saving chunks for level 'Arch'/Overworld
2013-03-14 20:44:42 [SERVER] [INFO] Saving chunks for level 'Arch'/Nether
2013-03-14 20:44:42 [SERVER] [INFO] Saving chunks for level 'Arch'/The End
2013-03-14 20:46:55 [SERVER] [INFO] Saving and pausing game...
2013-03-14 20:46:55 [SERVER] [INFO] Saving chunks for level 'Arch'/Overworld
2013-03-14 20:46:55 [SERVER] [INFO] Saving chunks for level 'Arch'/Nether
2013-03-14 20:46:55 [SERVER] [INFO] Saving chunks for level 'Arch'/The End
2013-03-14 20:47:36 [SERVER] [INFO] Saving and pausing game...
2013-03-14 20:47:36 [SERVER] [INFO] Saving chunks for level 'Arch'/Overworld
2013-03-14 20:47:36 [SERVER] [INFO] Saving chunks for level 'Arch'/Nether
2013-03-14 20:47:36 [SERVER] [INFO] Saving chunks for level 'Arch'/The End
2013-03-14 20:47:37 [SERVER] [INFO] Saving and pausing game...
2013-03-14 20:47:37 [SERVER] [INFO] Saving chunks for level 'Arch'/Overworld
2013-03-14 20:47:37 [SERVER] [INFO] Saving chunks for level 'Arch'/Nether
2013-03-14 20:47:37 [SERVER] [INFO] Saving chunks for level 'Arch'/The End
2013-03-14 20:53:27 [SERVER] [INFO] zezhyrule was blown up by Creeper
2013-03-14 20:54:04 [SERVER] [INFO] Saving and pausing game...
2013-03-14 20:54:04 [SERVER] [INFO] Saving chunks for level 'Arch'/Overworld
2013-03-14 20:54:04 [SERVER] [INFO] Saving chunks for level 'Arch'/Nether
2013-03-14 20:54:04 [SERVER] [INFO] Saving chunks for level 'Arch'/The End
2013-03-14 20:56:38 [SERVER] [INFO] Saving and pausing game...
2013-03-14 20:56:38 [SERVER] [INFO] Saving chunks for level 'Arch'/Overworld
2013-03-14 20:56:38 [SERVER] [INFO] Saving chunks for level 'Arch'/Nether
2013-03-14 20:56:38 [SERVER] [INFO] Saving chunks for level 'Arch'/The End
2013-03-14 20:58:55 [SERVER] [INFO] Saving and pausing game...
2013-03-14 20:58:55 [SERVER] [INFO] Saving chunks for level 'Arch'/Overworld
2013-03-14 20:58:55 [SERVER] [INFO] Saving chunks for level 'Arch'/Nether
2013-03-14 20:58:55 [SERVER] [INFO] Saving chunks for level 'Arch'/The End
2013-03-14 20:58:56 [SERVER] [INFO] Stopping server
2013-03-14 20:58:56 [SERVER] [INFO] Saving players
2013-03-14 20:58:57 [SERVER] [INFO] Saving worlds
2013-03-14 20:58:57 [SERVER] [INFO] Saving chunks for level 'Arch'/Overworld
2013-03-14 20:58:57 [SERVER] [INFO] Saving chunks for level 'Arch'/Nether
2013-03-14 20:58:57 [SERVER] [INFO] Saving chunks for level 'Arch'/The End
2013-03-20 00:54:28 [SERVER] [INFO] Starting integrated minecraft server version 1.5
2013-03-20 00:54:28 [SERVER] [INFO] Generating keypair
2013-03-20 00:54:28 [SERVER] [INFO] Preparing start region for level 0
2013-03-20 00:54:29 [SERVER] [INFO] Preparing spawn area: 89%
2013-03-20 00:54:30 [SERVER] [INFO] zezhyrule[/127.0.0.1:0] logged in with entity id 169 at (-19.21776160144084, 64.0, 190.76249998807899)
2013-03-20 00:54:33 [SERVER] [WARNING] Can't keep up! Did the system time change, or is the server overloaded?
2013-03-20 00:54:33 [SERVER] [INFO] Saving and pausing game...
2013-03-20 00:54:33 [SERVER] [INFO] Saving chunks for level 'Arch'/Overworld
2013-03-20 00:54:33 [SERVER] [INFO] Saving chunks for level 'Arch'/Nether
2013-03-20 00:54:33 [SERVER] [INFO] Saving chunks for level 'Arch'/The End
2013-03-20 00:54:50 [SERVER] [INFO] Saving and pausing game...
2013-03-20 00:54:50 [SERVER] [INFO] Saving chunks for level 'Arch'/Overworld
2013-03-20 00:54:50 [SERVER] [INFO] Saving chunks for level 'Arch'/Nether
2013-03-20 00:54:50 [SERVER] [INFO] Saving chunks for level 'Arch'/The End
2013-03-20 00:55:20 [SERVER] [INFO] Saving and pausing game...
2013-03-20 00:55:20 [SERVER] [INFO] Saving chunks for level 'Arch'/Overworld
2013-03-20 00:55:20 [SERVER] [INFO] Saving chunks for level 'Arch'/Nether
2013-03-20 00:55:20 [SERVER] [INFO] Saving chunks for level 'Arch'/The End
2013-03-20 00:56:22 [SERVER] [INFO] Saving and pausing game...
2013-03-20 00:56:22 [SERVER] [INFO] Saving chunks for level 'Arch'/Overworld
2013-03-20 00:56:22 [SERVER] [INFO] Saving chunks for level 'Arch'/Nether
2013-03-20 00:56:22 [SERVER] [INFO] Saving chunks for level 'Arch'/The End
2013-03-20 00:58:26 [SERVER] [INFO] Saving and pausing game...
2013-03-20 00:58:26 [SERVER] [INFO] Saving chunks for level 'Arch'/Overworld
2013-03-20 00:58:26 [SERVER] [INFO] Saving chunks for level 'Arch'/Nether
2013-03-20 00:58:26 [SERVER] [INFO] Saving chunks for level 'Arch'/The End
2013-03-20 01:08:45 [SERVER] [INFO] Saving and pausing game...
2013-03-20 01:08:45 [SERVER] [INFO] Saving chunks for level 'Arch'/Overworld
2013-03-20 01:08:45 [SERVER] [INFO] Saving chunks for level 'Arch'/Nether
2013-03-20 01:08:45 [SERVER] [INFO] Saving chunks for level 'Arch'/The End
2013-03-20 01:13:38 [SERVER] [INFO] Saving and pausing game...
2013-03-20 01:13:38 [SERVER] [INFO] Saving chunks for level 'Arch'/Overworld
2013-03-20 01:13:38 [SERVER] [INFO] Saving chunks for level 'Arch'/Nether
2013-03-20 01:13:38 [SERVER] [INFO] Saving chunks for level 'Arch'/The End
2013-03-20 01:21:01 [SERVER] [INFO] Saving and pausing game...
2013-03-20 01:21:01 [SERVER] [INFO] Saving chunks for level 'Arch'/Overworld
2013-03-20 01:21:01 [SERVER] [INFO] Saving chunks for level 'Arch'/Nether
2013-03-20 01:21:01 [SERVER] [INFO] Saving chunks for level 'Arch'/The End
2013-03-20 01:30:53 [SERVER] [INFO] Saving and pausing game...
2013-03-20 01:30:53 [SERVER] [INFO] Saving chunks for level 'Arch'/Overworld
2013-03-20 01:30:53 [SERVER] [INFO] Saving chunks for level 'Arch'/Nether
2013-03-20 01:30:53 [SERVER] [INFO] Saving chunks for level 'Arch'/The End
2013-03-20 01:30:55 [SERVER] [INFO] Stopping server
2013-03-20 01:30:55 [SERVER] [INFO] Saving players
2013-03-20 01:30:55 [SERVER] [INFO] Saving worlds
2013-03-20 01:30:55 [SERVER] [INFO] Saving chunks for level 'Arch'/Overworld
2013-03-20 01:30:55 [SERVER] [INFO] Saving chunks for level 'Arch'/Nether
2013-03-20 01:30:55 [SERVER] [INFO] Saving chunks for level 'Arch'/The End
2013-03-20 02:41:23 [SERVER] [INFO] Starting integrated minecraft server version 1.5
2013-03-20 02:41:24 [SERVER] [INFO] Generating keypair
2013-03-20 02:41:24 [SERVER] [INFO] Preparing start region for level 0
2013-03-20 02:41:25 [SERVER] [INFO] Preparing spawn area: 88%
2013-03-20 02:41:26 [SERVER] [INFO] zezhyrule[/127.0.0.1:0] logged in with entity id 223 at (215.98233327105828, 69.0, 257.15398211995705)
2013-03-20 02:48:36 [SERVER] [INFO] Saving and pausing game...
2013-03-20 02:48:36 [SERVER] [INFO] Saving chunks for level 'Arch'/Overworld
2013-03-20 02:48:36 [SERVER] [INFO] Saving chunks for level 'Arch'/Nether
2013-03-20 02:48:36 [SERVER] [INFO] Saving chunks for level 'Arch'/The End
2013-03-20 02:52:48 [SERVER] [INFO] Saving and pausing game...
2013-03-20 02:52:48 [SERVER] [INFO] Saving chunks for level 'Arch'/Overworld
2013-03-20 02:52:48 [SERVER] [INFO] Saving chunks for level 'Arch'/Nether
2013-03-20 02:52:48 [SERVER] [INFO] Saving chunks for level 'Arch'/The End
2013-03-20 02:58:30 [SERVER] [INFO] Saving and pausing game...
2013-03-20 02:58:30 [SERVER] [INFO] Saving chunks for level 'Arch'/Overworld
2013-03-20 02:58:30 [SERVER] [INFO] Saving chunks for level 'Arch'/Nether
2013-03-20 02:58:30 [SERVER] [INFO] Saving chunks for level 'Arch'/The End
2013-03-20 03:07:53 [SERVER] [INFO] Saving and pausing game...
2013-03-20 03:07:53 [SERVER] [INFO] Saving chunks for level 'Arch'/Overworld
2013-03-20 03:07:53 [SERVER] [INFO] Saving chunks for level 'Arch'/Nether
2013-03-20 03:07:53 [SERVER] [INFO] Saving chunks for level 'Arch'/The End
2013-03-20 03:07:54 [SERVER] [INFO] Stopping server
2013-03-20 03:07:54 [SERVER] [INFO] Saving players
2013-03-20 03:07:54 [SERVER] [INFO] Saving worlds
2013-03-20 03:07:54 [SERVER] [INFO] Saving chunks for level 'Arch'/Overworld
2013-03-20 03:07:54 [SERVER] [INFO] Saving chunks for level 'Arch'/Nether
2013-03-20 03:07:54 [SERVER] [INFO] Saving chunks for level 'Arch'/The End
