2013-03-13 10:58:51 [CLIENT] [INFO] Setting user: zezhyrule
2013-03-13 10:58:52 [CLIENT] [INFO] LWJGL Version: 2.4.2
2013-03-13 10:59:11 [CLIENT] [INFO] Found animation info for: textures/blocks/lava_flow.txt
2013-03-13 10:59:11 [CLIENT] [INFO] Found animation info for: textures/blocks/water_flow.txt
2013-03-13 10:59:11 [CLIENT] [INFO] Found animation info for: textures/blocks/fire_0.txt
2013-03-13 10:59:11 [CLIENT] [INFO] Found animation info for: textures/blocks/fire_1.txt
2013-03-13 10:59:11 [CLIENT] [INFO] Found animation info for: textures/blocks/lava.txt
2013-03-13 10:59:11 [CLIENT] [INFO] Found animation info for: textures/blocks/portal.txt
2013-03-13 10:59:11 [CLIENT] [INFO] Found animation info for: textures/blocks/water.txt
2013-03-13 10:59:24 [CLIENT] [INFO] Found animation info for: textures/items/clock.txt
2013-03-13 10:59:24 [CLIENT] [INFO] Found animation info for: textures/items/compass.txt
2013-03-13 10:59:43 [CLIENT] [INFO] Stopping!
2013-03-13 16:54:01 [CLIENT] [INFO] Setting user: zezhyrule
2013-03-13 16:54:02 [CLIENT] [INFO] LWJGL Version: 2.4.2
2013-03-13 16:54:05 [CLIENT] [INFO] Found animation info for: textures/blocks/lava_flow.txt
2013-03-13 16:54:05 [CLIENT] [INFO] Found animation info for: textures/blocks/water_flow.txt
2013-03-13 16:54:05 [CLIENT] [INFO] Found animation info for: textures/blocks/fire_0.txt
2013-03-13 16:54:05 [CLIENT] [INFO] Found animation info for: textures/blocks/fire_1.txt
2013-03-13 16:54:05 [CLIENT] [INFO] Found animation info for: textures/blocks/lava.txt
2013-03-13 16:54:05 [CLIENT] [INFO] Found animation info for: textures/blocks/portal.txt
2013-03-13 16:54:05 [CLIENT] [INFO] Found animation info for: textures/blocks/water.txt
2013-03-13 16:54:06 [CLIENT] [INFO] Found animation info for: textures/items/clock.txt
2013-03-13 16:54:06 [CLIENT] [INFO] Found animation info for: textures/items/compass.txt
2013-03-13 17:26:32 [CLIENT] [INFO] [CHAT] Saved screenshot as 2013-03-13_17.26.32.png
2013-03-13 17:35:42 [CLIENT] [INFO] [CHAT] Saved screenshot as 2013-03-13_17.35.41.png
2013-03-13 17:36:17 [CLIENT] [INFO] [CHAT] Saved screenshot as 2013-03-13_17.36.17.png
2013-03-13 17:37:47 [CLIENT] [INFO] [CHAT] Saved screenshot as 2013-03-13_17.37.47.png
2013-03-13 17:45:36 [CLIENT] [INFO] Stopping!
2013-03-14 19:45:29 [CLIENT] [INFO] Setting user: zezhyrule
2013-03-14 19:45:30 [CLIENT] [INFO] LWJGL Version: 2.4.2
2013-03-14 19:45:32 [CLIENT] [INFO] Found animation info for: textures/blocks/lava_flow.txt
2013-03-14 19:45:32 [CLIENT] [INFO] Found animation info for: textures/blocks/water_flow.txt
2013-03-14 19:45:32 [CLIENT] [INFO] Found animation info for: textures/blocks/fire_0.txt
2013-03-14 19:45:32 [CLIENT] [INFO] Found animation info for: textures/blocks/fire_1.txt
2013-03-14 19:45:32 [CLIENT] [INFO] Found animation info for: textures/blocks/lava.txt
2013-03-14 19:45:32 [CLIENT] [INFO] Found animation info for: textures/blocks/portal.txt
2013-03-14 19:45:32 [CLIENT] [INFO] Found animation info for: textures/blocks/water.txt
2013-03-14 19:45:33 [CLIENT] [INFO] Found animation info for: textures/items/clock.txt
2013-03-14 19:45:33 [CLIENT] [INFO] Found animation info for: textures/items/compass.txt
2013-03-14 19:50:08 [CLIENT] [INFO] Stopping!
2013-03-14 19:51:50 [CLIENT] [INFO] Setting user: zezhyrule
2013-03-14 19:51:51 [CLIENT] [INFO] LWJGL Version: 2.4.2
2013-03-14 19:51:53 [CLIENT] [INFO] Found animation info for: textures/blocks/lava_flow.txt
2013-03-14 19:51:53 [CLIENT] [INFO] Found animation info for: textures/blocks/water_flow.txt
2013-03-14 19:51:53 [CLIENT] [INFO] Found animation info for: textures/blocks/fire_0.txt
2013-03-14 19:51:53 [CLIENT] [INFO] Found animation info for: textures/blocks/fire_1.txt
2013-03-14 19:51:53 [CLIENT] [INFO] Found animation info for: textures/blocks/lava.txt
2013-03-14 19:51:53 [CLIENT] [INFO] Found animation info for: textures/blocks/portal.txt
2013-03-14 19:51:53 [CLIENT] [INFO] Found animation info for: textures/blocks/water.txt
2013-03-14 19:51:54 [CLIENT] [INFO] Found animation info for: textures/items/clock.txt
2013-03-14 19:51:54 [CLIENT] [INFO] Found animation info for: textures/items/compass.txt
2013-03-14 20:12:56 [CLIENT] [INFO] [CHAT] Saved screenshot as 2013-03-14_20.12.55.png
2013-03-14 20:29:49 [CLIENT] [INFO] [CHAT] Saved screenshot as 2013-03-14_20.29.49.png
2013-03-14 20:32:30 [CLIENT] [INFO] [CHAT] zezhyrule drowned
2013-03-14 20:32:55 [CLIENT] [INFO] Stopping!
2013-03-14 20:40:12 [CLIENT] [INFO] Setting user: zezhyrule
2013-03-14 20:40:14 [CLIENT] [INFO] LWJGL Version: 2.4.2
2013-03-14 20:40:16 [CLIENT] [INFO] Found animation info for: textures/blocks/lava_flow.txt
2013-03-14 20:40:16 [CLIENT] [INFO] Found animation info for: textures/blocks/water_flow.txt
2013-03-14 20:40:16 [CLIENT] [INFO] Found animation info for: textures/blocks/fire_0.txt
2013-03-14 20:40:16 [CLIENT] [INFO] Found animation info for: textures/blocks/fire_1.txt
2013-03-14 20:40:16 [CLIENT] [INFO] Found animation info for: textures/blocks/lava.txt
2013-03-14 20:40:16 [CLIENT] [INFO] Found animation info for: textures/blocks/portal.txt
2013-03-14 20:40:16 [CLIENT] [INFO] Found animation info for: textures/blocks/water.txt
2013-03-14 20:40:17 [CLIENT] [INFO] Found animation info for: textures/items/clock.txt
2013-03-14 20:40:17 [CLIENT] [INFO] Found animation info for: textures/items/compass.txt
2013-03-14 20:43:25 [CLIENT] [INFO] [CHAT] Saved screenshot as 2013-03-14_20.43.24.png
2013-03-14 20:43:27 [CLIENT] [INFO] [CHAT] Saved screenshot as 2013-03-14_20.43.27.png
2013-03-14 20:53:27 [CLIENT] [INFO] [CHAT] zezhyrule was blown up by Creeper
2013-03-14 21:29:40 [CLIENT] [INFO] Stopping!
2013-03-20 00:54:13 [CLIENT] [INFO] Setting user: zezhyrule
2013-03-20 00:54:14 [CLIENT] [INFO] LWJGL Version: 2.4.2
2013-03-20 00:54:19 [CLIENT] [INFO] Found animation info for: textures/blocks/lava_flow.txt
2013-03-20 00:54:19 [CLIENT] [INFO] Found animation info for: textures/blocks/water_flow.txt
2013-03-20 00:54:19 [CLIENT] [INFO] Found animation info for: textures/blocks/fire_0.txt
2013-03-20 00:54:19 [CLIENT] [INFO] Found animation info for: textures/blocks/fire_1.txt
2013-03-20 00:54:19 [CLIENT] [INFO] Found animation info for: textures/blocks/lava.txt
2013-03-20 00:54:19 [CLIENT] [INFO] Found animation info for: textures/blocks/portal.txt
2013-03-20 00:54:19 [CLIENT] [INFO] Found animation info for: textures/blocks/water.txt
2013-03-20 00:54:20 [CLIENT] [INFO] Found animation info for: textures/items/clock.txt
2013-03-20 00:54:20 [CLIENT] [INFO] Found animation info for: textures/items/compass.txt
2013-03-20 00:55:24 [CLIENT] [INFO] [CHAT] Saved screenshot as 2013-03-20_00.55.24.png
2013-03-20 01:18:00 [CLIENT] [INFO] [CHAT] You can only sleep at night
2013-03-20 01:30:56 [CLIENT] [INFO] Stopping!
2013-03-20 02:32:13 [CLIENT] [INFO] Setting user: zezhyrule
2013-03-20 02:32:14 [CLIENT] [INFO] LWJGL Version: 2.4.2
2013-03-20 02:32:18 [CLIENT] [INFO] Found animation info for: textures/blocks/lava_flow.txt
2013-03-20 02:32:18 [CLIENT] [INFO] Found animation info for: textures/blocks/water_flow.txt
2013-03-20 02:32:18 [CLIENT] [INFO] Found animation info for: textures/blocks/fire_0.txt
2013-03-20 02:32:18 [CLIENT] [INFO] Found animation info for: textures/blocks/fire_1.txt
2013-03-20 02:32:18 [CLIENT] [INFO] Found animation info for: textures/blocks/lava.txt
2013-03-20 02:32:18 [CLIENT] [INFO] Found animation info for: textures/blocks/portal.txt
2013-03-20 02:32:18 [CLIENT] [INFO] Found animation info for: textures/blocks/water.txt
2013-03-20 02:32:19 [CLIENT] [INFO] Found animation info for: textures/items/clock.txt
2013-03-20 02:32:19 [CLIENT] [INFO] Found animation info for: textures/items/compass.txt
2013-03-20 02:40:57 [CLIENT] [INFO] Setting user: zezhyrule
2013-03-20 02:40:58 [CLIENT] [INFO] LWJGL Version: 2.4.2
2013-03-20 02:41:01 [CLIENT] [INFO] Found animation info for: textures/blocks/lava_flow.txt
2013-03-20 02:41:01 [CLIENT] [INFO] Found animation info for: textures/blocks/water_flow.txt
2013-03-20 02:41:01 [CLIENT] [INFO] Found animation info for: textures/blocks/fire_0.txt
2013-03-20 02:41:01 [CLIENT] [INFO] Found animation info for: textures/blocks/fire_1.txt
2013-03-20 02:41:01 [CLIENT] [INFO] Found animation info for: textures/blocks/lava.txt
2013-03-20 02:41:01 [CLIENT] [INFO] Found animation info for: textures/blocks/portal.txt
2013-03-20 02:41:01 [CLIENT] [INFO] Found animation info for: textures/blocks/water.txt
2013-03-20 02:41:02 [CLIENT] [INFO] Found animation info for: textures/items/clock.txt
2013-03-20 02:41:02 [CLIENT] [INFO] Found animation info for: textures/items/compass.txt
2013-03-20 02:41:59 [CLIENT] [INFO] [CHAT] Saved screenshot as 2013-03-20_02.41.59.png
2013-03-20 03:06:25 [CLIENT] [INFO] [CHAT] Saved screenshot as 2013-03-20_03.06.24.png
2013-03-20 03:07:59 [CLIENT] [INFO] Stopping!
